[07/06/22 21:50:19] [ERROR] Discord terminated websocket connection; reason: Disallowed intent(s). (4014)
[07/06/22 21:50:19] [ERROR] Can't write to Discord websocket gateway: The I/O operation has been aborted because of either a thread exit or an application request (995)
[07/06/22 22:00:33] [ERROR] Discord terminated websocket connection; reason: Disallowed intent(s). (4014)
[07/06/22 22:00:33] [ERROR] Can't write to Discord websocket gateway: The I/O operation has been aborted because of either a thread exit or an application request (995)
[07/10/22 19:26:18] [ERROR] Discord terminated websocket connection; reason: Disallowed intent(s). (4014)
[07/10/22 19:26:18] [ERROR] Can't write to Discord websocket gateway: The I/O operation has been aborted because of either a thread exit or an application request (995)
[07/10/22 19:36:26] [ERROR] Can't write to Discord websocket gateway: The I/O operation has been aborted because of either a thread exit or an application request (995)
[07/10/22 19:37:46] [ERROR] Can't write to Discord websocket gateway: The I/O operation has been aborted because of either a thread exit or an application request (995)
[07/10/22 19:38:59] [ERROR] Can't write to Discord websocket gateway: The I/O operation has been aborted because of either a thread exit or an application request (995)
[07/10/22 19:42:58] [ERROR] Can't write to Discord websocket gateway: The I/O operation has been aborted because of either a thread exit or an application request (995)
[07/10/22 21:49:56] [ERROR] Can't write to Discord websocket gateway: The I/O operation has been aborted because of either a thread exit or an application request (995)
[07/10/22 21:51:13] [ERROR] DCC_SendChannelMessage: invalid channel id '0'
[07/10/22 21:55:10] [ERROR] DCC_SendChannelMessage: invalid channel id '0'
[07/10/22 21:55:13] [ERROR] DCC_SendChannelMessage: invalid channel id '0'
[07/10/22 21:55:18] [ERROR] DCC_SendChannelMessage: invalid channel id '0'
[07/10/22 21:55:39] [ERROR] DCC_SendChannelMessage: invalid channel id '0'
[07/10/22 21:55:41] [ERROR] DCC_SendChannelMessage: invalid channel id '0'
[07/10/22 21:55:42] [ERROR] DCC_SendChannelMessage: invalid channel id '0'
[07/10/22 21:55:46] [ERROR] DCC_SendChannelMessage: invalid channel id '0'
[07/10/22 21:55:50] [ERROR] DCC_SendChannelMessage: invalid channel id '0'
[07/10/22 21:56:38] [ERROR] DCC_HasGuildMemberRole: invalid guild id '0'
[07/10/22 21:56:59] [ERROR] Error while retrieving HTTP POST response from '/api/v8/channels/995663440284753931/typing': A connection attempt failed because the connected party did not properly respond after a period of time, or established connection failed because connected host has failed to respond
[07/10/22 21:56:59] [WARNING] Error while shutting down SSL on HTTP connection: An existing connection was forcibly closed by the remote host (10054)
[07/10/22 21:57:17] [ERROR] DCC_SendChannelMessage: invalid channel id '0'
[07/10/22 21:57:21] [ERROR] DCC_SendChannelMessage: invalid channel id '0'
[07/10/22 21:57:23] [ERROR] DCC_SendChannelMessage: invalid channel id '0'
[07/10/22 21:57:24] [ERROR] DCC_SendChannelMessage: invalid channel id '0'
[07/10/22 21:57:25] [ERROR] DCC_SendChannelMessage: invalid channel id '0'
[07/10/22 21:57:26] [ERROR] DCC_SendChannelMessage: invalid channel id '0'
[07/10/22 21:57:27] [ERROR] DCC_SendChannelMessage: invalid channel id '0'
[07/10/22 21:58:06] [ERROR] DCC_HasGuildMemberRole: invalid guild id '0'
[07/10/22 21:58:11] [ERROR] DCC_HasGuildMemberRole: invalid guild id '0'
[07/10/22 22:02:22] [ERROR] DCC_SendChannelMessage: invalid channel id '0'
[07/10/22 22:02:25] [ERROR] DCC_HasGuildMemberRole: invalid guild id '0'
[07/10/22 22:02:29] [ERROR] DCC_HasGuildMemberRole: invalid guild id '0'
[07/10/22 22:04:07] [ERROR] DCC_SendChannelMessage: invalid channel id '0'
[07/10/22 22:05:36] [ERROR] DCC_SendChannelMessage: invalid channel id '0'
[07/10/22 22:06:33] [ERROR] DCC_SendChannelMessage: invalid channel id '0'
[07/10/22 22:06:39] [ERROR] DCC_SendChannelMessage: invalid channel id '0'
[07/10/22 22:06:45] [ERROR] DCC_HasGuildMemberRole: invalid guild id '0'
[07/10/22 22:06:50] [ERROR] DCC_SendChannelMessage: invalid channel id '0'
[07/10/22 22:06:56] [ERROR] DCC_SendChannelMessage: invalid channel id '0'
[07/10/22 22:07:05] [ERROR] DCC_HasGuildMemberRole: invalid guild id '0'
[07/10/22 22:07:10] [ERROR] DCC_SendChannelMessage: invalid channel id '0'
[07/10/22 22:08:05] [ERROR] DCC_SendChannelMessage: invalid channel id '0'
[07/10/22 22:18:38] [ERROR] DCC_SendChannelMessage: invalid channel id '0'
[07/10/22 22:19:30] [ERROR] DCC_SendChannelMessage: invalid channel id '0'
[07/10/22 22:19:31] [ERROR] DCC_SendChannelMessage: invalid channel id '0'
[07/10/22 22:20:59] [ERROR] DCC_SendChannelMessage: invalid channel id '0'
[07/10/22 22:21:45] [ERROR] DCC_SendChannelMessage: invalid channel id '0'
[07/10/22 22:21:48] [ERROR] DCC_SendChannelMessage: invalid channel id '0'
[07/10/22 22:21:51] [ERROR] DCC_SendChannelMessage: invalid channel id '0'
[07/10/22 22:21:54] [ERROR] DCC_SendChannelMessage: invalid channel id '0'
[07/10/22 22:21:55] [ERROR] DCC_SendChannelMessage: invalid channel id '0'
[07/10/22 22:22:24] [ERROR] DCC_SendChannelMessage: invalid channel id '0'
[07/10/22 22:22:31] [ERROR] DCC_SendChannelMessage: invalid channel id '0'
[07/10/22 22:28:49] [ERROR] DCC_SendChannelMessage: invalid channel id '0'
[07/10/22 22:29:34] [ERROR] DCC_SendChannelMessage: invalid channel id '0'
[07/10/22 22:29:38] [ERROR] DCC_SendChannelMessage: invalid channel id '0'
[07/10/22 22:29:41] [ERROR] DCC_SendChannelMessage: invalid channel id '0'
[07/10/22 22:29:43] [ERROR] DCC_SendChannelMessage: invalid channel id '0'
[07/10/22 22:30:16] [ERROR] DCC_HasGuildMemberRole: invalid guild id '0'
[07/10/22 22:31:18] [ERROR] DCC_SendChannelMessage: invalid channel id '0'
[07/10/22 23:14:35] [ERROR] DCC_SendChannelMessage: invalid channel id '0'
[07/10/22 23:16:00] [ERROR] DCC_SendChannelMessage: invalid channel id '0'
[07/10/22 23:18:33] [ERROR] DCC_SendChannelMessage: invalid channel id '0'
[07/10/22 23:19:55] [ERROR] DCC_SendChannelMessage: invalid channel id '0'
[07/10/22 23:20:00] [ERROR] DCC_SendChannelMessage: invalid channel id '0'
[07/10/22 23:20:39] [ERROR] DCC_SendChannelMessage: invalid channel id '0'
[07/10/22 23:23:13] [ERROR] DCC_SendChannelMessage: invalid channel id '0'
[07/10/22 23:25:37] [ERROR] DCC_SendChannelMessage: invalid channel id '0'
[07/10/22 23:26:45] [ERROR] DCC_SendChannelMessage: invalid channel id '0'
[07/10/22 23:29:09] [ERROR] DCC_SendChannelMessage: invalid channel id '0'
[07/10/22 23:35:00] [ERROR] DCC_SendChannelMessage: invalid channel id '0'
[07/10/22 23:42:22] [ERROR] DCC_SendChannelMessage: invalid channel id '0'
[07/10/22 23:42:27] [ERROR] DCC_GetGuildMemberNickname: invalid guild id '0'
[07/10/22 23:43:07] [ERROR] DCC_SendChannelMessage: invalid channel id '0'
[07/10/22 23:43:25] [ERROR] DCC_GetGuildMemberNickname: invalid guild id '0'
[07/10/22 23:43:39] [ERROR] DCC_GetGuildMemberNickname: invalid guild id '0'
[07/10/22 23:43:39] [ERROR] DCC_SetGuildMemberNickname: invalid guild id '0'
[07/10/22 23:44:16] [ERROR] DCC_SendChannelMessage: invalid channel id '0'
[07/10/22 23:47:07] [ERROR] DCC_SendChannelMessage: invalid channel id '0'
[07/10/22 23:47:11] [ERROR] DCC_SendChannelMessage: invalid channel id '0'
[07/12/22 10:12:33] [ERROR] DCC_SendChannelMessage: invalid channel id '0'
[07/12/22 10:16:04] [ERROR] DCC_SendChannelMessage: invalid channel id '0'
[07/12/22 10:16:18] [ERROR] DCC_GetGuildMemberNickname: invalid guild id '0'
[07/12/22 10:16:18] [ERROR] DCC_SetGuildMemberNickname: invalid guild id '0'
[07/12/22 10:16:53] [ERROR] DCC_SendChannelMessage: invalid channel id '0'
[07/12/22 10:54:33] [ERROR] DCC_SendChannelMessage: invalid channel id '0'
[07/12/22 10:55:43] [ERROR] DCC_SendChannelMessage: invalid channel id '0'
[07/12/22 10:56:01] [ERROR] DCC_GetGuildMemberNickname: invalid guild id '0'
[07/12/22 10:56:01] [ERROR] DCC_SetGuildMemberNickname: invalid guild id '0'
[07/12/22 10:57:16] [ERROR] DCC_SendChannelMessage: invalid channel id '0'
[07/12/22 10:58:40] [ERROR] DCC_SendChannelMessage: invalid channel id '0'
[07/12/22 10:58:49] [ERROR] DCC_GetGuildMemberNickname: invalid guild id '0'
[07/12/22 10:58:49] [ERROR] DCC_SetGuildMemberNickname: invalid guild id '0'
[07/12/22 11:00:41] [ERROR] DCC_SendChannelMessage: invalid channel id '0'
[07/12/22 11:00:41] [ERROR] DCC_SendChannelMessage: invalid channel id '0'
[07/12/22 11:00:41] [ERROR] DCC_SendChannelMessage: invalid channel id '0'
[07/12/22 11:00:41] [ERROR] DCC_SendChannelMessage: invalid channel id '0'
[07/12/22 11:00:41] [ERROR] DCC_SendChannelMessage: invalid channel id '0'
[07/12/22 11:00:41] [ERROR] DCC_SendChannelMessage: invalid channel id '0'
[07/12/22 11:00:41] [ERROR] DCC_SendChannelMessage: invalid channel id '0'
[07/12/22 11:00:41] [ERROR] DCC_SendChannelMessage: invalid channel id '0'
[07/12/22 11:00:41] [ERROR] DCC_SendChannelMessage: invalid channel id '0'
[07/12/22 11:00:41] [ERROR] DCC_SendChannelMessage: invalid channel id '0'
[07/12/22 11:02:58] [ERROR] DCC_SendChannelMessage: invalid channel id '0'
[07/12/22 11:03:57] [ERROR] DCC_SendChannelMessage: invalid channel id '0'
[07/12/22 11:04:10] [ERROR] DCC_GetGuildMemberNickname: invalid guild id '0'
[07/12/22 11:04:15] [ERROR] DCC_GetGuildMemberNickname: invalid guild id '0'
[07/12/22 11:04:15] [ERROR] DCC_SetGuildMemberNickname: invalid guild id '0'
[07/12/22 11:22:06] [ERROR] DCC_SendChannelMessage: invalid channel id '0'
[07/12/22 11:22:53] [ERROR] DCC_SendChannelMessage: invalid channel id '0'
[07/12/22 11:22:54] [ERROR] DCC_SendChannelMessage: invalid channel id '0'
[07/12/22 11:23:00] [ERROR] DCC_SendChannelMessage: invalid channel id '0'
[07/12/22 11:23:01] [ERROR] DCC_SendChannelMessage: invalid channel id '0'
[07/12/22 11:23:02] [ERROR] DCC_SendChannelMessage: invalid channel id '0'
[07/12/22 11:23:19] [ERROR] DCC_GetGuildMemberNickname: invalid guild id '0'
[07/12/22 11:23:19] [ERROR] DCC_SetGuildMemberNickname: invalid guild id '0'
[07/12/22 11:23:48] [ERROR] DCC_SendChannelMessage: invalid channel id '0'
[07/12/22 11:23:50] [ERROR] DCC_SendChannelMessage: invalid channel id '0'
[07/12/22 11:23:53] [ERROR] DCC_SendChannelMessage: invalid channel id '0'
[07/12/22 11:23:56] [ERROR] DCC_SendChannelMessage: invalid channel id '0'
[07/12/22 11:23:58] [ERROR] DCC_SendChannelMessage: invalid channel id '0'
[07/12/22 11:24:03] [ERROR] DCC_SendChannelMessage: invalid channel id '0'
[07/12/22 11:24:07] [ERROR] DCC_SendChannelMessage: invalid channel id '0'
[07/12/22 11:24:11] [ERROR] DCC_SendChannelMessage: invalid channel id '0'
[07/12/22 11:24:13] [ERROR] DCC_SendChannelMessage: invalid channel id '0'
[07/12/22 11:25:53] [ERROR] DCC_SendChannelMessage: invalid channel id '0'
[07/12/22 11:26:03] [ERROR] DCC_SendChannelMessage: invalid channel id '0'
[07/12/22 11:26:50] [ERROR] DCC_SendChannelMessage: invalid channel id '0'
[07/12/22 11:27:49] [ERROR] DCC_SendChannelMessage: invalid channel id '0'
[07/12/22 11:27:51] [ERROR] DCC_SendChannelMessage: invalid channel id '0'
[07/12/22 11:27:53] [ERROR] DCC_SendChannelMessage: invalid channel id '0'
[07/12/22 11:28:02] [ERROR] DCC_SendChannelMessage: invalid channel id '0'
[07/12/22 11:29:14] [ERROR] DCC_SendChannelMessage: invalid channel id '0'
[07/12/22 11:29:53] [ERROR] DCC_SendChannelMessage: invalid channel id '0'
[07/12/22 11:47:31] [ERROR] DCC_SendChannelMessage: invalid channel id '0'
[07/12/22 11:48:20] [ERROR] DCC_SendChannelMessage: invalid channel id '0'
[07/12/22 11:48:28] [ERROR] DCC_GetGuildMemberNickname: invalid guild id '0'
[07/12/22 11:48:28] [ERROR] DCC_SetGuildMemberNickname: invalid guild id '0'
[07/12/22 11:58:24] [ERROR] DCC_SendChannelMessage: invalid channel id '0'
[07/12/22 11:59:47] [ERROR] DCC_SendChannelMessage: invalid channel id '0'
[07/12/22 11:59:53] [ERROR] DCC_GetGuildMemberNickname: invalid guild id '0'
[07/12/22 11:59:53] [ERROR] DCC_SetGuildMemberNickname: invalid guild id '0'
[07/12/22 12:00:40] [ERROR] DCC_SendChannelMessage: invalid channel id '0'
[07/12/22 12:00:40] [ERROR] DCC_SendChannelMessage: invalid channel id '0'
[07/12/22 12:00:40] [ERROR] DCC_SendChannelMessage: invalid channel id '0'
[07/12/22 12:00:40] [ERROR] DCC_SendChannelMessage: invalid channel id '0'
[07/12/22 12:00:40] [ERROR] DCC_SendChannelMessage: invalid channel id '0'
[07/12/22 12:00:40] [ERROR] DCC_SendChannelMessage: invalid channel id '0'
[07/12/22 12:00:40] [ERROR] DCC_SendChannelMessage: invalid channel id '0'
[07/12/22 12:00:40] [ERROR] DCC_SendChannelMessage: invalid channel id '0'
[07/12/22 12:00:40] [ERROR] DCC_SendChannelMessage: invalid channel id '0'
[07/12/22 12:00:40] [ERROR] DCC_SendChannelMessage: invalid channel id '0'
[07/12/22 12:06:03] [ERROR] DCC_SendChannelMessage: invalid channel id '0'
[07/12/22 12:08:11] [ERROR] DCC_SendChannelMessage: invalid channel id '0'
[07/12/22 12:15:08] [ERROR] DCC_SendChannelMessage: invalid channel id '0'
[07/12/22 12:15:16] [ERROR] DCC_GetGuildMemberNickname: invalid guild id '0'
[07/12/22 12:15:24] [ERROR] DCC_GetGuildMemberNickname: invalid guild id '0'
[07/12/22 12:15:24] [ERROR] DCC_SetGuildMemberNickname: invalid guild id '0'
[07/12/22 12:15:46] [ERROR] Error while retrieving HTTP POST response from '/api/v8/channels/995663440284753931/messages': A connection attempt failed because the connected party did not properly respond after a period of time, or established connection failed because connected host has failed to respond
[07/12/22 12:15:46] [WARNING] Error while shutting down SSL on HTTP connection: An existing connection was forcibly closed by the remote host (10054)
[07/12/22 12:16:32] [ERROR] DCC_SendChannelMessage: invalid channel id '0'
[07/12/22 12:17:18] [ERROR] DCC_SendChannelMessage: invalid channel id '0'
[07/12/22 12:17:29] [ERROR] DCC_GetGuildMemberNickname: invalid guild id '0'
[07/12/22 12:17:29] [ERROR] DCC_SetGuildMemberNickname: invalid guild id '0'
[07/15/22 00:29:32] [ERROR] DCC_SendChannelMessage: invalid channel id '0'
[07/15/22 00:32:49] [ERROR] DCC_SendChannelMessage: invalid channel id '0'
[07/15/22 00:32:50] [ERROR] DCC_SendChannelMessage: invalid channel id '0'
[07/15/22 00:32:55] [ERROR] DCC_SendChannelMessage: invalid channel id '0'
[07/15/22 00:33:49] [ERROR] DCC_SendChannelMessage: invalid channel id '0'
[07/15/22 00:35:12] [ERROR] DCC_SendChannelMessage: invalid channel id '0'
[07/15/22 00:36:07] [ERROR] DCC_SendChannelMessage: invalid channel id '0'
[07/15/22 00:36:27] [ERROR] DCC_HasGuildMemberRole: invalid guild id '0'
[07/15/22 00:37:58] [ERROR] DCC_SendChannelMessage: invalid channel id '0'
[07/15/22 00:38:21] [ERROR] DCC_HasGuildMemberRole: invalid guild id '0'
[07/15/22 00:39:15] [ERROR] DCC_SendChannelMessage: invalid channel id '0'
[07/15/22 00:39:23] [ERROR] DCC_HasGuildMemberRole: invalid guild id '0'
[07/15/22 00:42:50] [ERROR] DCC_HasGuildMemberRole: invalid guild id '0'
[07/15/22 00:42:50] [ERROR] DCC_AddGuildMemberRole: invalid role id '0'
[07/15/22 00:43:14] [ERROR] DCC_HasGuildMemberRole: invalid guild id '0'
[07/15/22 00:45:40] [ERROR] DCC_HasGuildMemberRole: invalid guild id '0'
[07/15/22 00:47:30] [ERROR] DCC_HasGuildMemberRole: invalid guild id '0'
[07/15/22 00:50:55] [ERROR] DCC_SendChannelMessage: invalid channel id '0'
[07/15/22 00:51:47] [ERROR] DCC_SendChannelMessage: invalid channel id '0'
[07/15/22 00:52:04] [ERROR] DCC_SendChannelMessage: invalid channel id '0'
[07/15/22 00:52:04] [ERROR] DCC_SendChannelMessage: invalid channel id '0'
[07/15/22 00:52:30] [ERROR] DCC_SendChannelMessage: invalid channel id '0'
[07/15/22 00:52:32] [ERROR] DCC_SendChannelMessage: invalid channel id '0'
[07/15/22 00:56:31] [ERROR] DCC_SendChannelMessage: invalid channel id '0'
[07/15/22 00:56:45] [ERROR] DCC_SendChannelMessage: invalid channel id '0'
[07/15/22 00:56:55] [ERROR] DCC_SendChannelMessage: invalid channel id '0'
[07/15/22 00:56:55] [ERROR] DCC_SendChannelMessage: invalid channel id '0'
[07/15/22 00:57:00] [ERROR] DCC_SendChannelMessage: invalid channel id '0'
[07/15/22 00:57:02] [ERROR] DCC_SendChannelMessage: invalid channel id '0'
[07/15/22 00:57:03] [ERROR] DCC_SendChannelMessage: invalid channel id '0'
[07/15/22 00:57:03] [ERROR] DCC_SendChannelMessage: invalid channel id '0'
[07/15/22 00:57:08] [ERROR] DCC_SendChannelMessage: invalid channel id '0'
[07/15/22 00:57:09] [ERROR] DCC_SendChannelMessage: invalid channel id '0'
[07/15/22 00:57:09] [ERROR] DCC_SendChannelMessage: invalid channel id '0'
[07/15/22 00:57:11] [ERROR] DCC_SendChannelMessage: invalid channel id '0'
[07/15/22 00:57:12] [ERROR] DCC_SendChannelMessage: invalid channel id '0'
[07/15/22 00:57:12] [ERROR] DCC_SendChannelMessage: invalid channel id '0'
[07/15/22 00:57:27] [ERROR] DCC_SendChannelMessage: invalid channel id '0'
[07/15/22 00:57:47] [ERROR] DCC_SendChannelMessage: invalid channel id '0'
[07/15/22 00:57:50] [ERROR] DCC_SendChannelMessage: invalid channel id '0'
[07/15/22 00:57:50] [ERROR] DCC_SendChannelMessage: invalid channel id '0'
[07/15/22 00:57:53] [ERROR] DCC_SendChannelMessage: invalid channel id '0'
[07/15/22 00:57:57] [ERROR] DCC_SendChannelMessage: invalid channel id '0'
[07/15/22 00:57:57] [ERROR] DCC_SendChannelMessage: invalid channel id '0'
[07/15/22 00:58:02] [ERROR] DCC_SendChannelMessage: invalid channel id '0'
[07/15/22 00:58:02] [ERROR] DCC_SendChannelMessage: invalid channel id '0'
[07/15/22 00:58:06] [ERROR] DCC_SendChannelMessage: invalid channel id '0'
[07/15/22 00:58:14] [ERROR] DCC_SendChannelMessage: invalid channel id '0'
[07/15/22 00:58:14] [ERROR] DCC_SendChannelMessage: invalid channel id '0'
[07/15/22 00:58:21] [ERROR] DCC_SendChannelMessage: invalid channel id '0'
[07/15/22 00:58:28] [ERROR] DCC_SendChannelMessage: invalid channel id '0'
[07/15/22 00:58:39] [ERROR] DCC_SendChannelMessage: invalid channel id '0'
[07/15/22 00:59:06] [ERROR] DCC_HasGuildMemberRole: invalid guild id '0'
[07/15/22 00:59:28] [ERROR] Error while retrieving HTTP POST response from '/api/v8/channels/995663440284753931/typing': A connection attempt failed because the connected party did not properly respond after a period of time, or established connection failed because connected host has failed to respond
[07/15/22 00:59:28] [WARNING] Error while shutting down SSL on HTTP connection: An existing connection was forcibly closed by the remote host (10054)
[07/15/22 00:59:52] [ERROR] DCC_HasGuildMemberRole: invalid guild id '0'
[07/15/22 00:59:52] [ERROR] DCC_AddGuildMemberRole: invalid role id '0'
[07/15/22 01:00:21] [ERROR] DCC_SendChannelMessage: invalid channel id '0'
[07/15/22 01:00:23] [ERROR] DCC_SendChannelMessage: invalid channel id '0'
[07/15/22 01:00:23] [ERROR] DCC_SendChannelMessage: invalid channel id '0'
[07/15/22 01:01:06] [ERROR] DCC_SendChannelMessage: invalid channel id '0'
[07/15/22 01:01:06] [ERROR] DCC_SendChannelMessage: invalid channel id '0'
[07/15/22 01:01:06] [ERROR] DCC_SendChannelMessage: invalid channel id '0'
[07/15/22 01:01:06] [ERROR] DCC_SendChannelMessage: invalid channel id '0'
[07/15/22 01:01:06] [ERROR] DCC_SendChannelMessage: invalid channel id '0'
[07/15/22 01:01:06] [ERROR] DCC_SendChannelMessage: invalid channel id '0'
[07/15/22 01:01:06] [ERROR] DCC_SendChannelMessage: invalid channel id '0'
[07/15/22 01:01:06] [ERROR] DCC_SendChannelMessage: invalid channel id '0'
[07/15/22 01:01:06] [ERROR] DCC_SendChannelMessage: invalid channel id '0'
[07/15/22 01:01:06] [ERROR] DCC_SendChannelMessage: invalid channel id '0'
[07/15/22 01:01:48] [ERROR] DCC_SendChannelMessage: invalid channel id '0'
[07/15/22 01:01:51] [ERROR] DCC_SendChannelMessage: invalid channel id '0'
[07/15/22 01:02:00] [ERROR] DCC_HasGuildMemberRole: invalid guild id '0'
[07/15/22 01:02:09] [ERROR] DCC_HasGuildMemberRole: invalid guild id '0'
[07/15/22 01:02:09] [ERROR] DCC_AddGuildMemberRole: invalid role id '0'
[07/15/22 01:03:51] [ERROR] DCC_SendChannelMessage: invalid channel id '0'
[07/15/22 01:04:38] [ERROR] DCC_HasGuildMemberRole: invalid guild id '0'
[07/15/22 01:04:38] [ERROR] DCC_AddGuildMemberRole: invalid role id '0'
[07/15/22 01:04:57] [ERROR] DCC_SendChannelMessage: invalid channel id '0'
[07/15/22 09:59:38] [ERROR] DCC_SendChannelMessage: invalid channel id '0'
[07/15/22 09:59:38] [ERROR] can't update guild member presence: user id "779028897509146634" not cached
[07/15/22 10:00:46] [ERROR] DCC_SendChannelMessage: invalid channel id '0'
[07/15/22 10:00:46] [ERROR] DCC_SendChannelMessage: invalid channel id '0'
[07/15/22 10:00:46] [ERROR] DCC_SendChannelMessage: invalid channel id '0'
[07/15/22 10:00:46] [ERROR] DCC_SendChannelMessage: invalid channel id '0'
[07/15/22 10:00:46] [ERROR] DCC_SendChannelMessage: invalid channel id '0'
[07/15/22 10:00:46] [ERROR] DCC_SendChannelMessage: invalid channel id '0'
[07/15/22 10:00:46] [ERROR] DCC_SendChannelMessage: invalid channel id '0'
[07/15/22 10:00:46] [ERROR] DCC_SendChannelMessage: invalid channel id '0'
[07/15/22 10:00:46] [ERROR] DCC_SendChannelMessage: invalid channel id '0'
[07/15/22 10:00:46] [ERROR] DCC_SendChannelMessage: invalid channel id '0'
[07/15/22 10:04:09] [ERROR] DCC_SendChannelMessage: invalid channel id '0'
[07/15/22 10:04:16] [ERROR] DCC_SendChannelMessage: invalid channel id '0'
[07/15/22 10:04:17] [ERROR] DCC_SendChannelMessage: invalid channel id '0'
[07/15/22 10:04:18] [ERROR] DCC_SendChannelMessage: invalid channel id '0'
[07/15/22 10:04:24] [ERROR] DCC_SendChannelMessage: invalid channel id '0'
[07/15/22 10:04:26] [ERROR] DCC_SendChannelMessage: invalid channel id '0'
[07/15/22 10:04:33] [ERROR] DCC_HasGuildMemberRole: invalid guild id '0'
[07/15/22 10:04:55] [ERROR] Error while retrieving HTTP POST response from '/api/v8/channels/995663440284753931/typing': A connection attempt failed because the connected party did not properly respond after a period of time, or established connection failed because connected host has failed to respond
[07/15/22 10:04:55] [WARNING] Error while shutting down SSL on HTTP connection: An existing connection was forcibly closed by the remote host (10054)
[07/15/22 10:10:41] [ERROR] DCC_HasGuildMemberRole: invalid guild id '0'
[07/15/22 10:10:55] [ERROR] DCC_HasGuildMemberRole: invalid guild id '0'
[07/15/22 10:11:03] [ERROR] Error while retrieving HTTP POST response from '/api/v8/channels/991160239242100867/typing': A connection attempt failed because the connected party did not properly respond after a period of time, or established connection failed because connected host has failed to respond
[07/15/22 10:11:03] [WARNING] Error while shutting down SSL on HTTP connection: An existing connection was forcibly closed by the remote host (10054)
[07/15/22 10:16:10] [ERROR] DCC_HasGuildMemberRole: invalid guild id '0'
[07/15/22 10:16:32] [ERROR] Error while retrieving HTTP POST response from '/api/v8/channels/995663440284753931/typing': A connection attempt failed because the connected party did not properly respond after a period of time, or established connection failed because connected host has failed to respond
[07/15/22 10:16:32] [WARNING] Error while shutting down SSL on HTTP connection: An existing connection was forcibly closed by the remote host (10054)
[07/15/22 10:16:54] [ERROR] DCC_HasGuildMemberRole: invalid guild id '0'
[07/15/22 10:16:59] [ERROR] DCC_HasGuildMemberRole: invalid guild id '0'
[07/15/22 10:17:08] [ERROR] DCC_HasGuildMemberRole: invalid guild id '0'
[07/15/22 10:17:35] [ERROR] DCC_HasGuildMemberRole: invalid guild id '0'
[07/15/22 10:21:38] [ERROR] DCC_HasGuildMemberRole: invalid guild id '0'
[07/15/22 10:32:30] [ERROR] DCC_SendChannelMessage: invalid channel id '0'
[07/15/22 10:38:11] [ERROR] DCC_SendChannelMessage: invalid channel id '0'
[07/15/22 10:39:29] [ERROR] DCC_HasGuildMemberRole: invalid guild id '0'
[07/15/22 10:39:46] [ERROR] DCC_SendChannelMessage: invalid channel id '0'
[07/15/22 10:40:19] [ERROR] DCC_SendChannelMessage: invalid channel id '0'
[07/15/22 10:40:21] [ERROR] DCC_SendChannelMessage: invalid channel id '0'
[07/15/22 10:40:21] [ERROR] DCC_SendChannelMessage: invalid channel id '0'
[07/15/22 10:40:45] [ERROR] DCC_SendChannelMessage: invalid channel id '0'
[07/15/22 10:40:53] [ERROR] DCC_SendChannelMessage: invalid channel id '0'
[07/15/22 10:43:23] [ERROR] DCC_SendChannelMessage: invalid channel id '0'
[07/15/22 10:43:23] [ERROR] DCC_SendChannelMessage: invalid channel id '0'
[07/15/22 10:43:44] [ERROR] DCC_SendChannelMessage: invalid channel id '0'
[07/15/22 10:43:47] [ERROR] DCC_SendChannelMessage: invalid channel id '0'
[07/15/22 10:43:50] [ERROR] DCC_SendChannelMessage: invalid channel id '0'
[07/15/22 10:43:50] [ERROR] DCC_SendChannelMessage: invalid channel id '0'
[07/15/22 10:43:53] [ERROR] DCC_SendChannelMessage: invalid channel id '0'
[07/15/22 10:43:55] [ERROR] DCC_SendChannelMessage: invalid channel id '0'
[07/15/22 10:43:56] [ERROR] DCC_SendChannelMessage: invalid channel id '0'
[07/15/22 10:44:10] [ERROR] DCC_SendChannelMessage: invalid channel id '0'
[07/15/22 10:44:13] [ERROR] DCC_SendChannelMessage: invalid channel id '0'
[07/15/22 10:44:15] [ERROR] DCC_SendChannelMessage: invalid channel id '0'
[07/15/22 10:44:20] [ERROR] DCC_SendChannelMessage: invalid channel id '0'
[07/15/22 10:44:23] [ERROR] DCC_SendChannelMessage: invalid channel id '0'
[07/15/22 10:44:33] [ERROR] DCC_SendChannelMessage: invalid channel id '0'
[07/15/22 10:44:33] [ERROR] DCC_SendChannelMessage: invalid channel id '0'
[07/15/22 10:44:38] [ERROR] DCC_SendChannelMessage: invalid channel id '0'
[07/15/22 10:44:40] [ERROR] DCC_SendChannelMessage: invalid channel id '0'
[07/15/22 10:47:33] [ERROR] DCC_SendChannelMessage: invalid channel id '0'
[07/15/22 10:47:34] [ERROR] DCC_SendChannelMessage: invalid channel id '0'
[07/15/22 10:52:11] [ERROR] DCC_SendChannelMessage: invalid channel id '0'
[07/15/22 10:53:38] [ERROR] DCC_SendChannelMessage: invalid channel id '0'
[07/15/22 10:53:47] [ERROR] DCC_SendChannelMessage: invalid channel id '0'
[07/15/22 10:53:52] [ERROR] DCC_SendChannelMessage: invalid channel id '0'
[07/15/22 10:53:54] [ERROR] DCC_SendChannelMessage: invalid channel id '0'
[07/15/22 10:53:54] [ERROR] DCC_SendChannelMessage: invalid channel id '0'
[07/15/22 10:53:56] [ERROR] DCC_SendChannelMessage: invalid channel id '0'
[07/15/22 10:54:13] [ERROR] DCC_SendChannelMessage: invalid channel id '0'
[07/15/22 10:54:55] [ERROR] DCC_SendChannelMessage: invalid channel id '0'
[07/15/22 10:56:48] [ERROR] DCC_SendChannelMessage: invalid channel id '0'
[07/15/22 10:56:51] [ERROR] DCC_SendChannelMessage: invalid channel id '0'
[07/15/22 10:56:52] [ERROR] DCC_SendChannelMessage: invalid channel id '0'
[07/15/22 10:56:54] [ERROR] DCC_SendChannelMessage: invalid channel id '0'
[07/15/22 10:56:57] [ERROR] DCC_SendChannelMessage: invalid channel id '0'
[07/15/22 10:57:03] [ERROR] DCC_SendChannelMessage: invalid channel id '0'
[07/15/22 10:57:17] [ERROR] DCC_SendChannelMessage: invalid channel id '0'
[07/15/22 10:57:19] [ERROR] DCC_SendChannelMessage: invalid channel id '0'
[07/15/22 11:00:10] [ERROR] DCC_SendChannelMessage: invalid channel id '0'
[07/15/22 11:00:10] [ERROR] DCC_SendChannelMessage: invalid channel id '0'
[07/15/22 11:00:10] [ERROR] DCC_SendChannelMessage: invalid channel id '0'
[07/15/22 11:00:10] [ERROR] DCC_SendChannelMessage: invalid channel id '0'
[07/15/22 11:00:10] [ERROR] DCC_SendChannelMessage: invalid channel id '0'
[07/15/22 11:00:10] [ERROR] DCC_SendChannelMessage: invalid channel id '0'
[07/15/22 11:00:10] [ERROR] DCC_SendChannelMessage: invalid channel id '0'
[07/15/22 11:00:10] [ERROR] DCC_SendChannelMessage: invalid channel id '0'
[07/15/22 11:00:10] [ERROR] DCC_SendChannelMessage: invalid channel id '0'
[07/15/22 11:00:10] [ERROR] DCC_SendChannelMessage: invalid channel id '0'
[07/15/22 11:06:29] [ERROR] DCC_SendChannelMessage: invalid channel id '0'
[07/15/22 11:14:24] [ERROR] DCC_SendChannelMessage: invalid channel id '0'
[07/15/22 11:17:00] [ERROR] DCC_SendChannelMessage: invalid channel id '0'
[07/15/22 11:17:00] [ERROR] can't update guild member presence: user id "959403267006283816" not cached
[07/15/22 11:29:46] [ERROR] DCC_HasGuildMemberRole: invalid guild id '0'
[07/15/22 11:30:06] [ERROR] Error while retrieving HTTP POST response from '/api/v8/channels/991160239242100867/typing': A connection attempt failed because the connected party did not properly respond after a period of time, or established connection failed because connected host has failed to respond
[07/15/22 11:30:06] [WARNING] Error while shutting down SSL on HTTP connection: An existing connection was forcibly closed by the remote host (10054)
[07/15/22 11:30:50] [ERROR] DCC_SendChannelMessage: invalid channel id '0'
[07/15/22 11:31:15] [ERROR] DCC_SendChannelMessage: invalid channel id '0'
[07/15/22 11:32:04] [ERROR] DCC_SendChannelMessage: invalid channel id '0'
[07/15/22 11:32:24] [ERROR] DCC_SendChannelMessage: invalid channel id '0'
[07/15/22 11:32:44] [ERROR] DCC_SendChannelMessage: invalid channel id '0'
[07/15/22 11:32:45] [ERROR] DCC_SendChannelMessage: invalid channel id '0'
[07/15/22 11:33:26] [ERROR] DCC_HasGuildMemberRole: invalid guild id '0'
[07/15/22 11:34:18] [ERROR] DCC_HasGuildMemberRole: invalid guild id '0'
[07/15/22 11:34:35] [ERROR] DCC_SendChannelMessage: invalid channel id '0'
[07/15/22 11:36:51] [ERROR] DCC_HasGuildMemberRole: invalid guild id '0'
[07/15/22 11:38:44] [ERROR] DCC_HasGuildMemberRole: invalid guild id '0'
[07/15/22 11:40:42] [ERROR] DCC_HasGuildMemberRole: invalid guild id '0'
[07/15/22 11:41:04] [ERROR] DCC_HasGuildMemberRole: invalid guild id '0'
[07/15/22 11:51:30] [ERROR] DCC_SendChannelMessage: invalid channel id '0'
[07/15/22 11:54:44] [ERROR] DCC_SendChannelMessage: invalid channel id '0'
[07/15/22 12:00:34] [ERROR] DCC_SendChannelMessage: invalid channel id '0'
[07/15/22 12:00:34] [ERROR] DCC_SendChannelMessage: invalid channel id '0'
[07/15/22 12:00:34] [ERROR] DCC_SendChannelMessage: invalid channel id '0'
[07/15/22 12:00:34] [ERROR] DCC_SendChannelMessage: invalid channel id '0'
[07/15/22 12:00:34] [ERROR] DCC_SendChannelMessage: invalid channel id '0'
[07/15/22 12:00:34] [ERROR] DCC_SendChannelMessage: invalid channel id '0'
[07/15/22 12:00:34] [ERROR] DCC_SendChannelMessage: invalid channel id '0'
[07/15/22 12:00:34] [ERROR] DCC_SendChannelMessage: invalid channel id '0'
[07/15/22 12:00:34] [ERROR] DCC_SendChannelMessage: invalid channel id '0'
[07/15/22 12:00:34] [ERROR] DCC_SendChannelMessage: invalid channel id '0'
[07/15/22 12:32:28] [ERROR] DCC_SendChannelMessage: invalid channel id '0'
[07/15/22 12:34:18] [ERROR] DCC_SendChannelMessage: invalid channel id '0'
[07/15/22 12:36:12] [ERROR] DCC_SendChannelMessage: invalid channel id '0'
[07/15/22 12:36:25] [ERROR] DCC_SendChannelMessage: invalid channel id '0'
[07/15/22 12:36:38] [ERROR] DCC_SendChannelMessage: invalid channel id '0'
[07/15/22 12:36:54] [ERROR] DCC_SendChannelMessage: invalid channel id '0'
[07/15/22 12:40:14] [ERROR] DCC_SendChannelMessage: invalid channel id '0'
[07/15/22 12:40:16] [ERROR] DCC_SendChannelMessage: invalid channel id '0'
[07/15/22 12:40:22] [ERROR] DCC_SendChannelMessage: invalid channel id '0'
[07/15/22 12:41:38] [ERROR] DCC_SendChannelMessage: invalid channel id '0'
[07/15/22 12:42:24] [ERROR] DCC_SendChannelMessage: invalid channel id '0'
[07/15/22 12:58:35] [ERROR] DCC_SendChannelMessage: invalid channel id '0'
[07/15/22 13:00:51] [ERROR] DCC_SendChannelMessage: invalid channel id '0'
[07/15/22 13:00:51] [ERROR] DCC_SendChannelMessage: invalid channel id '0'
[07/15/22 13:00:51] [ERROR] DCC_SendChannelMessage: invalid channel id '0'
[07/15/22 13:00:51] [ERROR] DCC_SendChannelMessage: invalid channel id '0'
[07/15/22 13:00:51] [ERROR] DCC_SendChannelMessage: invalid channel id '0'
[07/15/22 13:00:51] [ERROR] DCC_SendChannelMessage: invalid channel id '0'
[07/15/22 13:00:51] [ERROR] DCC_SendChannelMessage: invalid channel id '0'
[07/15/22 13:00:51] [ERROR] DCC_SendChannelMessage: invalid channel id '0'
[07/15/22 13:00:51] [ERROR] DCC_SendChannelMessage: invalid channel id '0'
[07/15/22 13:00:51] [ERROR] DCC_SendChannelMessage: invalid channel id '0'
[07/15/22 13:05:21] [ERROR] DCC_SendChannelMessage: invalid channel id '0'
[07/15/22 13:05:21] [ERROR] can't update guild member presence: user id "993847952625909802" not cached
[07/15/22 13:12:59] [ERROR] DCC_SendChannelMessage: invalid channel id '0'
[07/15/22 13:14:30] [ERROR] DCC_SendChannelMessage: invalid channel id '0'
[07/15/22 13:25:10] [ERROR] DCC_SendChannelMessage: invalid channel id '0'
[07/15/22 13:29:33] [ERROR] DCC_SendChannelMessage: invalid channel id '0'
[07/15/22 13:29:40] [ERROR] DCC_SendChannelMessage: invalid channel id '0'
[07/15/22 13:30:39] [ERROR] DCC_SendChannelMessage: invalid channel id '0'
[07/15/22 13:30:49] [ERROR] DCC_SendChannelMessage: invalid channel id '0'
[07/15/22 14:04:10] [ERROR] DCC_SendChannelMessage: invalid channel id '0'
[07/15/22 14:06:29] [ERROR] DCC_SendChannelMessage: invalid channel id '0'
[07/15/22 14:09:21] [ERROR] DCC_SendChannelMessage: invalid channel id '0'
[07/15/22 14:11:37] [ERROR] DCC_SendChannelMessage: invalid channel id '0'
[07/15/22 14:14:42] [ERROR] DCC_SendChannelMessage: invalid channel id '0'
[07/15/22 14:15:20] [ERROR] DCC_SendChannelMessage: invalid channel id '0'
[07/15/22 14:17:42] [ERROR] DCC_SendChannelMessage: invalid channel id '0'
[07/15/22 14:21:22] [ERROR] DCC_SendChannelMessage: invalid channel id '0'
[07/15/22 14:22:01] [ERROR] DCC_HasGuildMemberRole: invalid guild id '0'
[07/15/22 14:24:53] [ERROR] DCC_SendChannelMessage: invalid channel id '0'
[07/15/22 14:26:23] [ERROR] DCC_SendChannelMessage: invalid channel id '0'
[07/15/22 14:28:30] [ERROR] DCC_SendChannelMessage: invalid channel id '0'
[07/15/22 14:30:26] [ERROR] DCC_SendChannelMessage: invalid channel id '0'
[07/15/22 14:32:54] [ERROR] DCC_SendChannelMessage: invalid channel id '0'
[07/15/22 14:33:03] [ERROR] DCC_SendChannelMessage: invalid channel id '0'
[07/15/22 14:33:04] [ERROR] DCC_SendChannelMessage: invalid channel id '0'
[07/15/22 14:33:33] [ERROR] DCC_SendChannelMessage: invalid channel id '0'
[07/15/22 14:34:18] [ERROR] DCC_SendChannelMessage: invalid channel id '0'
[07/15/22 14:35:07] [ERROR] DCC_SendChannelMessage: invalid channel id '0'
[07/15/22 14:38:47] [ERROR] DCC_SendChannelMessage: invalid channel id '0'
[07/15/22 14:41:12] [ERROR] DCC_SendChannelMessage: invalid channel id '0'
[07/15/22 14:44:04] [ERROR] DCC_SendChannelMessage: invalid channel id '0'
[07/15/22 14:45:06] [ERROR] DCC_SendChannelMessage: invalid channel id '0'
