[07/06/22 21:50:19] [plugins/discord-connector] Discord terminated websocket connection; reason: Disallowed intent(s). (4014)
[07/06/22 21:50:19] [plugins/discord-connector] Can't write to Discord websocket gateway: The I/O operation has been aborted because of either a thread exit or an application request (995)
[07/06/22 22:00:33] [plugins/discord-connector] Discord terminated websocket connection; reason: Disallowed intent(s). (4014)
[07/06/22 22:00:33] [plugins/discord-connector] Can't write to Discord websocket gateway: The I/O operation has been aborted because of either a thread exit or an application request (995)
[07/10/22 19:26:18] [plugins/discord-connector] Discord terminated websocket connection; reason: Disallowed intent(s). (4014)
[07/10/22 19:26:18] [plugins/discord-connector] Can't write to Discord websocket gateway: The I/O operation has been aborted because of either a thread exit or an application request (995)
[07/10/22 19:36:26] [plugins/discord-connector] Can't write to Discord websocket gateway: The I/O operation has been aborted because of either a thread exit or an application request (995)
[07/10/22 19:37:46] [plugins/discord-connector] Can't write to Discord websocket gateway: The I/O operation has been aborted because of either a thread exit or an application request (995)
[07/10/22 19:38:59] [plugins/discord-connector] Can't write to Discord websocket gateway: The I/O operation has been aborted because of either a thread exit or an application request (995)
[07/10/22 19:42:58] [plugins/discord-connector] Can't write to Discord websocket gateway: The I/O operation has been aborted because of either a thread exit or an application request (995)
[07/10/22 21:49:56] [plugins/discord-connector] Can't write to Discord websocket gateway: The I/O operation has been aborted because of either a thread exit or an application request (995)
[07/10/22 21:51:13] [plugins/discord-connector] DCC_SendChannelMessage: invalid channel id '0'
[07/10/22 21:55:10] [plugins/discord-connector] DCC_SendChannelMessage: invalid channel id '0'
[07/10/22 21:55:13] [plugins/discord-connector] DCC_SendChannelMessage: invalid channel id '0'
[07/10/22 21:55:18] [plugins/discord-connector] DCC_SendChannelMessage: invalid channel id '0'
[07/10/22 21:55:39] [plugins/discord-connector] DCC_SendChannelMessage: invalid channel id '0'
[07/10/22 21:55:41] [plugins/discord-connector] DCC_SendChannelMessage: invalid channel id '0'
[07/10/22 21:55:42] [plugins/discord-connector] DCC_SendChannelMessage: invalid channel id '0'
[07/10/22 21:55:46] [plugins/discord-connector] DCC_SendChannelMessage: invalid channel id '0'
[07/10/22 21:55:50] [plugins/discord-connector] DCC_SendChannelMessage: invalid channel id '0'
[07/10/22 21:56:38] [plugins/discord-connector] DCC_HasGuildMemberRole: invalid guild id '0'
[07/10/22 21:56:59] [plugins/discord-connector] Error while retrieving HTTP POST response from '/api/v8/channels/995663440284753931/typing': A connection attempt failed because the connected party did not properly respond after a period of time, or established connection failed because connected host has failed to respond
[07/10/22 21:57:17] [plugins/discord-connector] DCC_SendChannelMessage: invalid channel id '0'
[07/10/22 21:57:21] [plugins/discord-connector] DCC_SendChannelMessage: invalid channel id '0'
[07/10/22 21:57:23] [plugins/discord-connector] DCC_SendChannelMessage: invalid channel id '0'
[07/10/22 21:57:24] [plugins/discord-connector] DCC_SendChannelMessage: invalid channel id '0'
[07/10/22 21:57:25] [plugins/discord-connector] DCC_SendChannelMessage: invalid channel id '0'
[07/10/22 21:57:26] [plugins/discord-connector] DCC_SendChannelMessage: invalid channel id '0'
[07/10/22 21:57:27] [plugins/discord-connector] DCC_SendChannelMessage: invalid channel id '0'
[07/10/22 21:58:06] [plugins/discord-connector] DCC_HasGuildMemberRole: invalid guild id '0'
[07/10/22 21:58:11] [plugins/discord-connector] DCC_HasGuildMemberRole: invalid guild id '0'
[07/10/22 22:02:22] [plugins/discord-connector] DCC_SendChannelMessage: invalid channel id '0'
[07/10/22 22:02:25] [plugins/discord-connector] DCC_HasGuildMemberRole: invalid guild id '0'
[07/10/22 22:02:29] [plugins/discord-connector] DCC_HasGuildMemberRole: invalid guild id '0'
[07/10/22 22:04:07] [plugins/discord-connector] DCC_SendChannelMessage: invalid channel id '0'
[07/10/22 22:05:36] [plugins/discord-connector] DCC_SendChannelMessage: invalid channel id '0'
[07/10/22 22:06:33] [plugins/discord-connector] DCC_SendChannelMessage: invalid channel id '0'
[07/10/22 22:06:39] [plugins/discord-connector] DCC_SendChannelMessage: invalid channel id '0'
[07/10/22 22:06:45] [plugins/discord-connector] DCC_HasGuildMemberRole: invalid guild id '0'
[07/10/22 22:06:50] [plugins/discord-connector] DCC_SendChannelMessage: invalid channel id '0'
[07/10/22 22:06:56] [plugins/discord-connector] DCC_SendChannelMessage: invalid channel id '0'
[07/10/22 22:07:05] [plugins/discord-connector] DCC_HasGuildMemberRole: invalid guild id '0'
[07/10/22 22:07:10] [plugins/discord-connector] DCC_SendChannelMessage: invalid channel id '0'
[07/10/22 22:08:05] [plugins/discord-connector] DCC_SendChannelMessage: invalid channel id '0'
[07/10/22 22:18:38] [plugins/discord-connector] DCC_SendChannelMessage: invalid channel id '0'
[07/10/22 22:19:30] [plugins/discord-connector] DCC_SendChannelMessage: invalid channel id '0'
[07/10/22 22:19:31] [plugins/discord-connector] DCC_SendChannelMessage: invalid channel id '0'
[07/10/22 22:20:59] [plugins/discord-connector] DCC_SendChannelMessage: invalid channel id '0'
[07/10/22 22:21:45] [plugins/discord-connector] DCC_SendChannelMessage: invalid channel id '0'
[07/10/22 22:21:48] [plugins/discord-connector] DCC_SendChannelMessage: invalid channel id '0'
[07/10/22 22:21:51] [plugins/discord-connector] DCC_SendChannelMessage: invalid channel id '0'
[07/10/22 22:21:54] [plugins/discord-connector] DCC_SendChannelMessage: invalid channel id '0'
[07/10/22 22:21:55] [plugins/discord-connector] DCC_SendChannelMessage: invalid channel id '0'
[07/10/22 22:22:24] [plugins/discord-connector] DCC_SendChannelMessage: invalid channel id '0'
[07/10/22 22:22:31] [plugins/discord-connector] DCC_SendChannelMessage: invalid channel id '0'
[07/10/22 22:28:49] [plugins/discord-connector] DCC_SendChannelMessage: invalid channel id '0'
[07/10/22 22:29:34] [plugins/discord-connector] DCC_SendChannelMessage: invalid channel id '0'
[07/10/22 22:29:38] [plugins/discord-connector] DCC_SendChannelMessage: invalid channel id '0'
[07/10/22 22:29:41] [plugins/discord-connector] DCC_SendChannelMessage: invalid channel id '0'
[07/10/22 22:29:43] [plugins/discord-connector] DCC_SendChannelMessage: invalid channel id '0'
[07/10/22 22:30:16] [plugins/discord-connector] DCC_HasGuildMemberRole: invalid guild id '0'
[07/10/22 22:31:18] [plugins/discord-connector] DCC_SendChannelMessage: invalid channel id '0'
[07/10/22 23:14:35] [plugins/discord-connector] DCC_SendChannelMessage: invalid channel id '0'
[07/10/22 23:16:00] [plugins/discord-connector] DCC_SendChannelMessage: invalid channel id '0'
[07/10/22 23:18:33] [plugins/discord-connector] DCC_SendChannelMessage: invalid channel id '0'
[07/10/22 23:19:55] [plugins/discord-connector] DCC_SendChannelMessage: invalid channel id '0'
[07/10/22 23:20:00] [plugins/discord-connector] DCC_SendChannelMessage: invalid channel id '0'
[07/10/22 23:20:39] [plugins/discord-connector] DCC_SendChannelMessage: invalid channel id '0'
[07/10/22 23:23:13] [plugins/discord-connector] DCC_SendChannelMessage: invalid channel id '0'
[07/10/22 23:25:37] [plugins/discord-connector] DCC_SendChannelMessage: invalid channel id '0'
[07/10/22 23:26:45] [plugins/discord-connector] DCC_SendChannelMessage: invalid channel id '0'
[07/10/22 23:29:09] [plugins/discord-connector] DCC_SendChannelMessage: invalid channel id '0'
[07/10/22 23:35:00] [plugins/discord-connector] DCC_SendChannelMessage: invalid channel id '0'
[07/10/22 23:42:22] [plugins/discord-connector] DCC_SendChannelMessage: invalid channel id '0'
[07/10/22 23:42:27] [plugins/discord-connector] DCC_GetGuildMemberNickname: invalid guild id '0'
[07/10/22 23:43:07] [plugins/discord-connector] DCC_SendChannelMessage: invalid channel id '0'
[07/10/22 23:43:25] [plugins/discord-connector] DCC_GetGuildMemberNickname: invalid guild id '0'
[07/10/22 23:43:39] [plugins/discord-connector] DCC_GetGuildMemberNickname: invalid guild id '0'
[07/10/22 23:43:39] [plugins/discord-connector] DCC_SetGuildMemberNickname: invalid guild id '0'
[07/10/22 23:44:16] [plugins/discord-connector] DCC_SendChannelMessage: invalid channel id '0'
[07/10/22 23:47:07] [plugins/discord-connector] DCC_SendChannelMessage: invalid channel id '0'
[07/10/22 23:47:11] [plugins/discord-connector] DCC_SendChannelMessage: invalid channel id '0'
[07/12/22 10:12:33] [plugins/discord-connector] DCC_SendChannelMessage: invalid channel id '0'
[07/12/22 10:16:04] [plugins/discord-connector] DCC_SendChannelMessage: invalid channel id '0'
[07/12/22 10:16:18] [plugins/discord-connector] DCC_GetGuildMemberNickname: invalid guild id '0'
[07/12/22 10:16:18] [plugins/discord-connector] DCC_SetGuildMemberNickname: invalid guild id '0'
[07/12/22 10:16:53] [plugins/discord-connector] DCC_SendChannelMessage: invalid channel id '0'
[07/12/22 10:54:33] [plugins/discord-connector] DCC_SendChannelMessage: invalid channel id '0'
[07/12/22 10:55:43] [plugins/discord-connector] DCC_SendChannelMessage: invalid channel id '0'
[07/12/22 10:56:01] [plugins/discord-connector] DCC_GetGuildMemberNickname: invalid guild id '0'
[07/12/22 10:56:01] [plugins/discord-connector] DCC_SetGuildMemberNickname: invalid guild id '0'
[07/12/22 10:57:16] [plugins/discord-connector] DCC_SendChannelMessage: invalid channel id '0'
[07/12/22 10:58:40] [plugins/discord-connector] DCC_SendChannelMessage: invalid channel id '0'
[07/12/22 10:58:49] [plugins/discord-connector] DCC_GetGuildMemberNickname: invalid guild id '0'
[07/12/22 10:58:49] [plugins/discord-connector] DCC_SetGuildMemberNickname: invalid guild id '0'
[07/12/22 11:00:41] [plugins/discord-connector] DCC_SendChannelMessage: invalid channel id '0'
[07/12/22 11:00:41] [plugins/discord-connector] DCC_SendChannelMessage: invalid channel id '0'
[07/12/22 11:00:41] [plugins/discord-connector] DCC_SendChannelMessage: invalid channel id '0'
[07/12/22 11:00:41] [plugins/discord-connector] DCC_SendChannelMessage: invalid channel id '0'
[07/12/22 11:00:41] [plugins/discord-connector] DCC_SendChannelMessage: invalid channel id '0'
[07/12/22 11:00:41] [plugins/discord-connector] DCC_SendChannelMessage: invalid channel id '0'
[07/12/22 11:00:41] [plugins/discord-connector] DCC_SendChannelMessage: invalid channel id '0'
[07/12/22 11:00:41] [plugins/discord-connector] DCC_SendChannelMessage: invalid channel id '0'
[07/12/22 11:00:41] [plugins/discord-connector] DCC_SendChannelMessage: invalid channel id '0'
[07/12/22 11:00:41] [plugins/discord-connector] DCC_SendChannelMessage: invalid channel id '0'
[07/12/22 11:02:58] [plugins/discord-connector] DCC_SendChannelMessage: invalid channel id '0'
[07/12/22 11:03:57] [plugins/discord-connector] DCC_SendChannelMessage: invalid channel id '0'
[07/12/22 11:04:10] [plugins/discord-connector] DCC_GetGuildMemberNickname: invalid guild id '0'
[07/12/22 11:04:15] [plugins/discord-connector] DCC_GetGuildMemberNickname: invalid guild id '0'
[07/12/22 11:04:15] [plugins/discord-connector] DCC_SetGuildMemberNickname: invalid guild id '0'
[07/12/22 11:22:06] [plugins/discord-connector] DCC_SendChannelMessage: invalid channel id '0'
[07/12/22 11:22:53] [plugins/discord-connector] DCC_SendChannelMessage: invalid channel id '0'
[07/12/22 11:22:54] [plugins/discord-connector] DCC_SendChannelMessage: invalid channel id '0'
[07/12/22 11:23:00] [plugins/discord-connector] DCC_SendChannelMessage: invalid channel id '0'
[07/12/22 11:23:01] [plugins/discord-connector] DCC_SendChannelMessage: invalid channel id '0'
[07/12/22 11:23:02] [plugins/discord-connector] DCC_SendChannelMessage: invalid channel id '0'
[07/12/22 11:23:19] [plugins/discord-connector] DCC_GetGuildMemberNickname: invalid guild id '0'
[07/12/22 11:23:19] [plugins/discord-connector] DCC_SetGuildMemberNickname: invalid guild id '0'
[07/12/22 11:23:48] [plugins/discord-connector] DCC_SendChannelMessage: invalid channel id '0'
[07/12/22 11:23:50] [plugins/discord-connector] DCC_SendChannelMessage: invalid channel id '0'
[07/12/22 11:23:53] [plugins/discord-connector] DCC_SendChannelMessage: invalid channel id '0'
[07/12/22 11:23:56] [plugins/discord-connector] DCC_SendChannelMessage: invalid channel id '0'
[07/12/22 11:23:58] [plugins/discord-connector] DCC_SendChannelMessage: invalid channel id '0'
[07/12/22 11:24:03] [plugins/discord-connector] DCC_SendChannelMessage: invalid channel id '0'
[07/12/22 11:24:07] [plugins/discord-connector] DCC_SendChannelMessage: invalid channel id '0'
[07/12/22 11:24:11] [plugins/discord-connector] DCC_SendChannelMessage: invalid channel id '0'
[07/12/22 11:24:13] [plugins/discord-connector] DCC_SendChannelMessage: invalid channel id '0'
[07/12/22 11:25:53] [plugins/discord-connector] DCC_SendChannelMessage: invalid channel id '0'
[07/12/22 11:26:03] [plugins/discord-connector] DCC_SendChannelMessage: invalid channel id '0'
[07/12/22 11:26:50] [plugins/discord-connector] DCC_SendChannelMessage: invalid channel id '0'
[07/12/22 11:27:49] [plugins/discord-connector] DCC_SendChannelMessage: invalid channel id '0'
[07/12/22 11:27:51] [plugins/discord-connector] DCC_SendChannelMessage: invalid channel id '0'
[07/12/22 11:27:53] [plugins/discord-connector] DCC_SendChannelMessage: invalid channel id '0'
[07/12/22 11:28:02] [plugins/discord-connector] DCC_SendChannelMessage: invalid channel id '0'
[07/12/22 11:29:14] [plugins/discord-connector] DCC_SendChannelMessage: invalid channel id '0'
[07/12/22 11:29:53] [plugins/discord-connector] DCC_SendChannelMessage: invalid channel id '0'
[07/12/22 11:47:31] [plugins/discord-connector] DCC_SendChannelMessage: invalid channel id '0'
[07/12/22 11:48:20] [plugins/discord-connector] DCC_SendChannelMessage: invalid channel id '0'
[07/12/22 11:48:28] [plugins/discord-connector] DCC_GetGuildMemberNickname: invalid guild id '0'
[07/12/22 11:48:28] [plugins/discord-connector] DCC_SetGuildMemberNickname: invalid guild id '0'
[07/12/22 11:58:24] [plugins/discord-connector] DCC_SendChannelMessage: invalid channel id '0'
[07/12/22 11:59:47] [plugins/discord-connector] DCC_SendChannelMessage: invalid channel id '0'
[07/12/22 11:59:53] [plugins/discord-connector] DCC_GetGuildMemberNickname: invalid guild id '0'
[07/12/22 11:59:53] [plugins/discord-connector] DCC_SetGuildMemberNickname: invalid guild id '0'
[07/12/22 12:00:40] [plugins/discord-connector] DCC_SendChannelMessage: invalid channel id '0'
[07/12/22 12:00:40] [plugins/discord-connector] DCC_SendChannelMessage: invalid channel id '0'
[07/12/22 12:00:40] [plugins/discord-connector] DCC_SendChannelMessage: invalid channel id '0'
[07/12/22 12:00:40] [plugins/discord-connector] DCC_SendChannelMessage: invalid channel id '0'
[07/12/22 12:00:40] [plugins/discord-connector] DCC_SendChannelMessage: invalid channel id '0'
[07/12/22 12:00:40] [plugins/discord-connector] DCC_SendChannelMessage: invalid channel id '0'
[07/12/22 12:00:40] [plugins/discord-connector] DCC_SendChannelMessage: invalid channel id '0'
[07/12/22 12:00:40] [plugins/discord-connector] DCC_SendChannelMessage: invalid channel id '0'
[07/12/22 12:00:40] [plugins/discord-connector] DCC_SendChannelMessage: invalid channel id '0'
[07/12/22 12:00:40] [plugins/discord-connector] DCC_SendChannelMessage: invalid channel id '0'
[07/12/22 12:06:03] [plugins/discord-connector] DCC_SendChannelMessage: invalid channel id '0'
[07/12/22 12:08:11] [plugins/discord-connector] DCC_SendChannelMessage: invalid channel id '0'
[07/12/22 12:15:08] [plugins/discord-connector] DCC_SendChannelMessage: invalid channel id '0'
[07/12/22 12:15:16] [plugins/discord-connector] DCC_GetGuildMemberNickname: invalid guild id '0'
[07/12/22 12:15:24] [plugins/discord-connector] DCC_GetGuildMemberNickname: invalid guild id '0'
[07/12/22 12:15:24] [plugins/discord-connector] DCC_SetGuildMemberNickname: invalid guild id '0'
[07/12/22 12:15:46] [plugins/discord-connector] Error while retrieving HTTP POST response from '/api/v8/channels/995663440284753931/messages': A connection attempt failed because the connected party did not properly respond after a period of time, or established connection failed because connected host has failed to respond
[07/12/22 12:16:32] [plugins/discord-connector] DCC_SendChannelMessage: invalid channel id '0'
[07/12/22 12:17:18] [plugins/discord-connector] DCC_SendChannelMessage: invalid channel id '0'
[07/12/22 12:17:29] [plugins/discord-connector] DCC_GetGuildMemberNickname: invalid guild id '0'
[07/12/22 12:17:29] [plugins/discord-connector] DCC_SetGuildMemberNickname: invalid guild id '0'
[07/12/22 16:40:07] [plugins/discord-connector] DCC_SendChannelMessage: invalid channel id '0'
[07/12/22 16:47:00] [plugins/discord-connector] DCC_SendChannelMessage: invalid channel id '0'
[07/12/22 16:47:20] [plugins/discord-connector] DCC_GetGuildMemberNickname: invalid guild id '0'
[07/12/22 16:47:20] [plugins/discord-connector] DCC_SetGuildMemberNickname: invalid guild id '0'
[07/12/22 16:47:42] [plugins/discord-connector] Error while retrieving HTTP POST response from '/api/v8/channels/995663440284753931/messages': A connection attempt failed because the connected party did not properly respond after a period of time, or established connection failed because connected host has failed to respond
[07/12/22 16:49:31] [plugins/discord-connector] DCC_SendChannelMessage: invalid channel id '0'
[07/14/22 18:51:32] [plugins/discord-connector] DCC_SendChannelMessage: invalid channel id '0'
[07/14/22 18:54:05] [plugins/discord-connector] DCC_SendChannelMessage: invalid channel id '0'
[07/14/22 18:54:22] [plugins/discord-connector] DCC_GetGuildMemberNickname: invalid guild id '0'
[07/14/22 18:54:22] [plugins/discord-connector] DCC_SetGuildMemberNickname: invalid guild id '0'
[07/14/22 19:16:40] [plugins/discord-connector] DCC_SendChannelMessage: invalid channel id '0'
[07/14/22 19:33:00] [plugins/discord-connector] DCC_SendChannelMessage: invalid channel id '0'
[07/14/22 19:33:13] [plugins/discord-connector] DCC_GetGuildMemberNickname: invalid guild id '0'
[07/14/22 19:33:13] [plugins/discord-connector] DCC_SetGuildMemberNickname: invalid guild id '0'
[07/14/22 19:33:35] [plugins/discord-connector] Error while retrieving HTTP POST response from '/api/v8/channels/995663440284753931/messages': A connection attempt failed because the connected party did not properly respond after a period of time, or established connection failed because connected host has failed to respond
[07/14/22 23:00:30] [plugins/discord-connector] DCC_SendChannelMessage: invalid channel id '0'
[07/14/22 23:02:04] [plugins/discord-connector] DCC_SendChannelMessage: invalid channel id '0'
[07/14/22 23:03:00] [plugins/discord-connector] DCC_GetGuildMemberNickname: invalid guild id '0'
[07/14/22 23:03:00] [plugins/discord-connector] DCC_SetGuildMemberNickname: invalid guild id '0'
[07/14/22 23:03:00] [plugins/discord-connector] can't serialize JSON: [json.exception.type_error.316] invalid UTF-8 byte at index 93: 0x23
[07/14/22 23:03:20] [plugins/discord-connector] DCC_SendChannelMessage: invalid channel id '0'
[07/14/22 23:03:38] [plugins/discord-connector] DCC_SendChannelMessage: invalid channel id '0'
